[INFO ] 24-04-2024 19:39:33 [Javacord - Central ExecutorService - 2] SlashCommandsManager - Invocado canal moderacion silenciar: Invocador: zyssk0 Usado contra: carliitos96 tiempo: 1 minutos
[INFO ] 24-04-2024 22:47:42 [Javacord - Central ExecutorService - 2] SlashCommandsManager - Invocado canal moderacion silenciar: Invocador: zyssk0 Usado contra: carliitos96 tiempo: 1 minutos
[INFO ] 24-04-2024 22:48:18 [Javacord - Central ExecutorService - 2] SlashCommandsManager - Invocado borrar bloque: Invocador: zyssk0 cantidad a borrar: 0 en canal: 1221484317067448342
[INFO ] 24-04-2024 22:48:33 [Javacord - Central ExecutorService - 1] SlashCommandsManager - Invocado borrar bloque: Invocador: zyssk0 cantidad a borrar: 0 en canal: 1221484317067448342
[INFO ] 24-04-2024 22:48:42 [Javacord - Central ExecutorService - 2] SlashCommandsManager - Invocado borrar bloque: Invocador: zyssk0 cantidad a borrar: 0 en canal: 1221484317067448342
[INFO ] 24-04-2024 22:48:52 [Javacord - Central ExecutorService - 1] SlashCommandsManager - Invocado borrar bloque: Invocador: zyssk0 cantidad a borrar: 0 en canal: 1221484317067448342
[INFO ] 24-04-2024 22:50:39 [Javacord - Central ExecutorService - 2] SlashCommandsManager - Invocado borrar bloque: Invocador: zyssk0 cantidad a borrar: 0 en canal: 1221484317067448342
[INFO ] 24-04-2024 22:50:50 [Javacord - Central ExecutorService - 2] SlashCommandsManager - Invocado borrar bloque: Invocador: zyssk0 cantidad a borrar: 0 en canal: 1221484317067448342
[INFO ] 24-04-2024 22:51:04 [Javacord - Central ExecutorService - 2] SlashCommandsManager - Invocado borrar bloque: Invocador: zyssk0 cantidad a borrar: 0 en canal: 1221484317067448342
[INFO ] 24-04-2024 22:53:22 [Javacord - Central ExecutorService - 4] SlashCommandsManager - Invocado borrar bloque: Invocador: zyssk0 cantidad a borrar: 0 en canal: 1221484317067448342
[INFO ] 24-04-2024 22:53:22 [Javacord - Central ExecutorService - 2] SlashCommandsManager - Invocado borrar bloque: Invocador: zyssk0 cantidad a borrar: 10 en canal: 1221484317067448342
[INFO ] 24-04-2024 22:57:18 [Javacord - Central ExecutorService - 6] SlashCommandsManager - Invocado borrar bloque: Invocador: zyssk0 cantidad a borrar: 0 en canal: 1221484317067448342
[INFO ] 25-04-2024 00:00:10 [Javacord - Central ExecutorService - 2] SlashCommandsManager - Invocado borrar bloque: Invocador: zyssk0 cantidad a borrar: 2 en canal: 1226898391607414856
[INFO ] 25-04-2024 00:00:35 [Javacord - Central ExecutorService - 2] SlashCommandsManager - Invocado borrar bloque: Invocador: zyssk0 cantidad a borrar: 2 en canal: 1226898391607414856
[INFO ] 10-05-2024 00:24:24 [AWT-EventQueue-0] O5O - mensaje correctamente enviado a canal con ID:1221484317067448342 contenido: probando

[INFO ] 10-05-2024 00:26:49 [Javacord - Central ExecutorService - 1] UserJoinListenerManager - Se ha unido el usuario: carliitos96 en el servidor: Testing O5O
[INFO ] 10-05-2024 01:36:30 [Javacord - Central ExecutorService - 1] SlashCommandsManager - Invocado borrar bloque: Invocador: zyssk0 Objetivo maarco_
[INFO ] 10-05-2024 01:36:40 [Javacord - Central ExecutorService - 2] SlashCommandsManager - Invocado borrar bloque: Invocador: zyssk0 Objetivo alvar583
[INFO ] 10-05-2024 01:36:55 [Javacord - Central ExecutorService - 1] SlashCommandsManager - Invocado borrar bloque: Invocador: zyssk0 Objetivo adrian015187
[INFO ] 10-05-2024 01:39:24 [Javacord - Central ExecutorService - 1] SlashCommandsManager - Invocado borrar bloque: Invocador: zyssk0 Objetivo nikit02
[INFO ] 10-05-2024 01:39:32 [Javacord - Central ExecutorService - 3] SlashCommandsManager - Invocado borrar bloque: Invocador: zyssk0 Objetivo r4f4_749
[INFO ] 10-05-2024 01:39:44 [Javacord - Central ExecutorService - 1] SlashCommandsManager - Invocado borrar bloque: Invocador: zyssk0 Objetivo scottgamer666
[INFO ] 10-05-2024 01:40:15 [Javacord - Central ExecutorService - 2] SlashCommandsManager - Invocado borrar bloque: Invocador: zyssk0 Objetivo zilug
